<?xml version="1.0" encoding="UTF-8"?>
<coverage generated="1607161141450" clover="3.2.0">
  <project timestamp="1607161141450" name="All files">
    <metrics statements="22" coveredstatements="17" conditionals="14" coveredconditionals="9" methods="8" coveredmethods="5" elements="44" coveredelements="31" complexity="0" loc="22" ncloc="22" packages="2" files="3" classes="3"/>
    <package name="src">
      <metrics statements="1" coveredstatements="1" conditionals="0" coveredconditionals="0" methods="1" coveredmethods="1"/>
      <file name="App.jsx" path="C:\Users\Deepthi\Desktop\movie-rating-app\src\App.jsx">
        <metrics statements="1" coveredstatements="1" conditionals="0" coveredconditionals="0" methods="1" coveredmethods="1"/>
        <line num="7" count="1" type="stmt"/>
      </file>
    </package>
    <package name="src.components.InputFields">
      <metrics statements="21" coveredstatements="16" conditionals="14" coveredconditionals="9" methods="7" coveredmethods="4"/>
      <file name="InlineErrors.jsx" path="C:\Users\Deepthi\Desktop\movie-rating-app\src\components\InputFields\InlineErrors.jsx">
        <metrics statements="2" coveredstatements="2" conditionals="0" coveredconditionals="0" methods="1" coveredmethods="1"/>
        <line num="3" count="3" type="stmt"/>
        <line num="4" count="4" type="stmt"/>
      </file>
      <file name="InputFields.jsx" path="C:\Users\Deepthi\Desktop\movie-rating-app\src\components\InputFields\InputFields.jsx">
        <metrics statements="19" coveredstatements="14" conditionals="14" coveredconditionals="9" methods="6" coveredmethods="3"/>
        <line num="7" count="3" type="stmt"/>
        <line num="8" count="8" type="stmt"/>
        <line num="9" count="8" type="stmt"/>
        <line num="10" count="8" type="stmt"/>
        <line num="11" count="8" type="stmt"/>
        <line num="13" count="8" type="stmt"/>
        <line num="14" count="2" type="cond" truecount="1" falsecount="1"/>
        <line num="15" count="0" type="stmt"/>
        <line num="19" count="0" type="stmt"/>
        <line num="21" count="8" type="stmt"/>
        <line num="22" count="2" type="stmt"/>
        <line num="23" count="2" type="cond" truecount="1" falsecount="1"/>
        <line num="24" count="2" type="cond" truecount="1" falsecount="1"/>
        <line num="26" count="2" type="stmt"/>
        <line num="27" count="2" type="cond" truecount="1" falsecount="1"/>
        <line num="30" count="8" type="stmt"/>
        <line num="39" count="0" type="stmt"/>
        <line num="49" count="0" type="stmt"/>
        <line num="72" count="0" type="stmt"/>
      </file>
    </package>
  </project>
</coverage>
