TN:
SF:src\App.jsx
FN:6,App
FNF:1
FNH:1
FNDA:1,App
DA:7,1
LF:1
LH:1
BRF:0
BRH:0
end_of_record
TN:
SF:src\components\InputFields\InlineErrors.jsx
FN:3,(anonymous_0)
FNF:1
FNH:1
FNDA:4,(anonymous_0)
DA:3,3
DA:4,4
LF:2
LH:2
BRF:0
BRH:0
end_of_record
TN:
SF:src\components\InputFields\InputFields.jsx
FN:7,(anonymous_0)
FN:13,(anonymous_1)
FN:21,(anonymous_2)
FN:39,(anonymous_3)
FN:49,(anonymous_4)
FN:71,(anonymous_5)
FNF:6
FNH:3
FNDA:8,(anonymous_0)
FNDA:2,(anonymous_1)
FNDA:2,(anonymous_2)
FNDA:0,(anonymous_3)
FNDA:0,(anonymous_4)
FNDA:0,(anonymous_5)
DA:7,3
DA:8,8
DA:9,8
DA:10,8
DA:11,8
DA:13,8
DA:14,2
DA:15,0
DA:19,0
DA:21,8
DA:22,2
DA:23,2
DA:24,2
DA:26,2
DA:27,2
DA:30,8
DA:39,0
DA:49,0
DA:72,0
LF:19
LH:14
BRDA:14,0,0,2
BRDA:14,0,1,0
BRDA:23,1,0,2
BRDA:23,1,1,0
BRDA:24,2,0,2
BRDA:24,2,1,0
BRDA:27,3,0,2
BRDA:27,3,1,0
BRDA:41,4,0,8
BRDA:41,4,1,2
BRDA:53,5,0,8
BRDA:53,5,1,2
BRDA:64,6,0,0
BRDA:64,6,1,8
BRF:14
BRH:9
end_of_record
